  [1m[36m (2.0ms)[0m  [1mCREATE TABLE "schema_migrations" ("version" varchar NOT NULL) [0m
  [1m[35m (0.2ms)[0m  select sqlite_version(*)
  [1m[36m (2.4ms)[0m  [1mCREATE UNIQUE INDEX "unique_schema_migrations" ON "schema_migrations" ("version")[0m
  [1m[35mActiveRecord::SchemaMigration Load (0.3ms)[0m  SELECT "schema_migrations".* FROM "schema_migrations"
Migrating to CreateGrids (20150606215911)
  [1m[36m (0.1ms)[0m  [1mbegin transaction[0m
  [1m[35m (0.6ms)[0m  CREATE TABLE "grids" ("id" INTEGER PRIMARY KEY AUTOINCREMENT NOT NULL, "title" text, "description" text, "picture" varchar, "created_at" datetime NOT NULL, "updated_at" datetime NOT NULL) 
  [1m[36mSQL (0.2ms)[0m  [1mINSERT INTO "schema_migrations" ("version") VALUES (?)[0m  [["version", "20150606215911"]]
  [1m[35m (2.7ms)[0m  commit transaction
  [1m[36mActiveRecord::SchemaMigration Load (0.1ms)[0m  [1mSELECT "schema_migrations".* FROM "schema_migrations"[0m


Started GET "/" for ::1 at 2015-06-07 05:12:14 +0700
  [1m[36mActiveRecord::SchemaMigration Load (0.2ms)[0m  [1mSELECT "schema_migrations".* FROM "schema_migrations"[0m


Started GET "/grids" for ::1 at 2015-06-07 05:12:14 +0700
Processing by GridsController#index as HTML
  [1m[35mGrid Load (0.2ms)[0m  SELECT "grids".* FROM "grids"
  Rendered grids/index.html.erb within layouts/application (3.6ms)
Completed 200 OK in 8355ms (Views: 8336.9ms | ActiveRecord: 0.3ms)


Started GET "/assets/application.self-1363bdeb318c0bd01c28b6e426f0eef261f29167413d70901610fff64c16eba2.css?body=1" for ::1 at 2015-06-07 05:12:23 +0700


Started GET "/assets/scaffolds.self-75173cf4ec1e9ae381f3b7e867734902885ec86109bbda43250fa2a5e6b9a218.css?body=1" for ::1 at 2015-06-07 05:12:23 +0700


Started GET "/grids/new" for ::1 at 2015-06-07 05:12:30 +0700
Processing by GridsController#new as HTML
  Rendered grids/_form.html.erb (68.4ms)
  Rendered grids/new.html.erb within layouts/application (76.9ms)
Completed 200 OK in 259ms (Views: 248.8ms | ActiveRecord: 0.4ms)


Started POST "/grids" for ::1 at 2015-06-07 05:13:09 +0700
Processing by GridsController#create as HTML
  Parameters: {"utf8"=>"✓", "authenticity_token"=>"8auwBvaELHOmQzRc3sIqQvsNMql8wjze5RwPjUn7kRsfKlp3MRsHhtvvmMlPAIGkexvN2Kfyhf8VMvqN5Vp6HQ==", "grid"=>{"title"=>"ARTIST PUBLICITY AGREEMENT desc", "description"=>"replace This Agreement shall be effective as of the date set forth herein", "picture"=>#<ActionDispatch::Http::UploadedFile:0x007fcc1ac48090 @tempfile=#<Tempfile:/var/folders/sk/srxkk08s4_gdl97w9p0hwzx80000gn/T/RackMultipart20150607-1991-1yzrc4f.jpg>, @original_filename="Jean Auguste Dominique Ingres-494893.jpg", @content_type="image/jpeg", @headers="Content-Disposition: form-data; name=\"grid[picture]\"; filename=\"Jean Auguste Dominique Ingres-494893.jpg\"\r\nContent-Type: image/jpeg\r\n">}, "commit"=>"Create Grid"}
  [1m[36m (0.1ms)[0m  [1mbegin transaction[0m
  [1m[35mSQL (0.6ms)[0m  INSERT INTO "grids" ("title", "description", "picture", "created_at", "updated_at") VALUES (?, ?, ?, ?, ?)  [["title", "ARTIST PUBLICITY AGREEMENT desc"], ["description", "replace This Agreement shall be effective as of the date set forth herein"], ["picture", "Jean_Auguste_Dominique_Ingres-494893.jpg"], ["created_at", "2015-06-06 22:13:09.546316"], ["updated_at", "2015-06-06 22:13:09.546316"]]
  [1m[36m (5.1ms)[0m  [1mcommit transaction[0m
Redirected to http://localhost:3000/grids/1
Completed 302 Found in 40ms (ActiveRecord: 5.8ms)


Started GET "/grids/1" for ::1 at 2015-06-07 05:13:09 +0700
Processing by GridsController#show as HTML
  Parameters: {"id"=>"1"}
  [1m[35mGrid Load (0.3ms)[0m  SELECT  "grids".* FROM "grids" WHERE "grids"."id" = ? LIMIT 1  [["id", 1]]
  Rendered grids/show.html.erb within layouts/application (2.4ms)
Completed 200 OK in 314ms (Views: 303.5ms | ActiveRecord: 0.3ms)


Started GET "/" for ::1 at 2015-06-07 05:13:14 +0700


Started GET "/grids" for ::1 at 2015-06-07 05:13:14 +0700
Processing by GridsController#index as HTML
  [1m[36mGrid Load (0.2ms)[0m  [1mSELECT "grids".* FROM "grids"[0m
  Rendered grids/index.html.erb within layouts/application (2.7ms)
Completed 200 OK in 129ms (Views: 128.4ms | ActiveRecord: 0.2ms)


Started GET "/" for ::1 at 2015-06-07 05:17:35 +0700


Started GET "/grids" for ::1 at 2015-06-07 05:17:35 +0700
Processing by GridsController#index as HTML
  [1m[35mGrid Load (0.2ms)[0m  SELECT "grids".* FROM "grids"
  Rendered grids/index.html.erb within layouts/application (7.7ms)
Completed 500 Internal Server Error in 14ms (ActiveRecord: 0.2ms)

ActionView::Template::Error (undefined method `name' for #<Grid:0x007fcc1b1e9878>):
     7:     <% group.compact.each do |grid| %>
     8:       <div class="col-md-4">
     9:         <%= image_tag grid.picture_url, width: '100%' if grid.picture.present?%>
    10:         <h4><%= link_to grid.name, grid %></h4>
    11:         <%= grid.description %>
    12:       </div>
    13:     <% end %>
  app/views/grids/index.html.erb:10:in `block (2 levels) in _app_views_grids_index_html_erb__3021576105249056515_70257292374820'
  app/views/grids/index.html.erb:7:in `each'
  app/views/grids/index.html.erb:7:in `block in _app_views_grids_index_html_erb__3021576105249056515_70257292374820'
  app/views/grids/index.html.erb:5:in `_app_views_grids_index_html_erb__3021576105249056515_70257292374820'


  Rendered /Users/vera/.rvm/gems/ruby-2.2.1/gems/actionpack-4.2.1/lib/action_dispatch/middleware/templates/rescues/_source.erb (10.3ms)
  Rendered /Users/vera/.rvm/gems/ruby-2.2.1/gems/actionpack-4.2.1/lib/action_dispatch/middleware/templates/rescues/_trace.html.erb (4.7ms)
  Rendered /Users/vera/.rvm/gems/ruby-2.2.1/gems/actionpack-4.2.1/lib/action_dispatch/middleware/templates/rescues/_request_and_response.html.erb (1.3ms)
  Rendered /Users/vera/.rvm/gems/ruby-2.2.1/gems/actionpack-4.2.1/lib/action_dispatch/middleware/templates/rescues/template_error.html.erb within rescues/layout (92.1ms)
  Rendered /Users/vera/.rvm/gems/ruby-2.2.1/gems/web-console-2.1.2/lib/web_console/templates/_markup.html.erb (0.5ms)
  Rendered /Users/vera/.rvm/gems/ruby-2.2.1/gems/web-console-2.1.2/lib/web_console/templates/style.css.erb within layouts/inlined_string (0.5ms)
  Rendered /Users/vera/.rvm/gems/ruby-2.2.1/gems/web-console-2.1.2/lib/web_console/templates/_inner_console_markup.html.erb within layouts/inlined_string (0.5ms)
  Rendered /Users/vera/.rvm/gems/ruby-2.2.1/gems/web-console-2.1.2/lib/web_console/templates/_prompt_box_markup.html.erb within layouts/inlined_string (0.5ms)
  Rendered /Users/vera/.rvm/gems/ruby-2.2.1/gems/web-console-2.1.2/lib/web_console/templates/console.js.erb within layouts/javascript (75.6ms)
  Rendered /Users/vera/.rvm/gems/ruby-2.2.1/gems/web-console-2.1.2/lib/web_console/templates/main.js.erb within layouts/javascript (0.5ms)
  Rendered /Users/vera/.rvm/gems/ruby-2.2.1/gems/web-console-2.1.2/lib/web_console/templates/error_page.js.erb within layouts/javascript (0.7ms)
  Rendered /Users/vera/.rvm/gems/ruby-2.2.1/gems/web-console-2.1.2/lib/web_console/templates/index.html.erb (173.3ms)


Started GET "/grids" for ::1 at 2015-06-07 05:18:03 +0700
Processing by GridsController#index as HTML
  [1m[36mGrid Load (0.2ms)[0m  [1mSELECT "grids".* FROM "grids"[0m
  Rendered grids/index.html.erb within layouts/application (2.8ms)
Completed 200 OK in 2855ms (Views: 2853.9ms | ActiveRecord: 0.2ms)


Started GET "/assets/application.self-cfde9f018e2b2683092cb9b530a3453bf96edd431edd246c04b84f2eb890a69f.css?body=1" for ::1 at 2015-06-07 05:18:06 +0700


Started GET "/grids/1" for ::1 at 2015-06-07 05:18:13 +0700
Processing by GridsController#show as HTML
  Parameters: {"id"=>"1"}
  [1m[35mGrid Load (0.2ms)[0m  SELECT  "grids".* FROM "grids" WHERE "grids"."id" = ? LIMIT 1  [["id", 1]]
  Rendered grids/show.html.erb within layouts/application (2.2ms)
Completed 200 OK in 190ms (Views: 188.3ms | ActiveRecord: 0.2ms)


Started GET "/grids" for ::1 at 2015-06-07 05:18:16 +0700
Processing by GridsController#index as HTML
  [1m[36mGrid Load (0.2ms)[0m  [1mSELECT "grids".* FROM "grids"[0m
  Rendered grids/index.html.erb within layouts/application (3.1ms)
Completed 200 OK in 173ms (Views: 172.1ms | ActiveRecord: 0.2ms)


Started GET "/grids" for ::1 at 2015-06-07 05:20:07 +0700
Processing by GridsController#index as HTML
  [1m[35mGrid Load (0.2ms)[0m  SELECT "grids".* FROM "grids"
  Rendered grids/index.html.erb within layouts/application (3.0ms)
Completed 200 OK in 165ms (Views: 164.2ms | ActiveRecord: 0.2ms)


Started GET "/grids/1" for ::1 at 2015-06-07 05:20:09 +0700
Processing by GridsController#show as HTML
  Parameters: {"id"=>"1"}
  [1m[36mGrid Load (0.1ms)[0m  [1mSELECT  "grids".* FROM "grids" WHERE "grids"."id" = ? LIMIT 1[0m  [["id", 1]]
  Rendered grids/show.html.erb within layouts/application (27.0ms)
Completed 500 Internal Server Error in 35ms (ActiveRecord: 0.1ms)

ActionView::Template::Error (undefined method `edit_idea_path' for #<#<Class:0x007fcc14b9a270>:0x007fcc18392358>):
     9:     <p><b>Title: </b><%= @grid.title %></p>
    10:     <p><b>Description: </b><%= @grid.description %></p>
    11:     <p>
    12:       <%= link_to 'Edit', edit_idea_path(@grid) %> |
    13:       <%= link_to 'Destroy', @grid, data: { confirm: 'Are you sure?' }, method: :delete %> |
    14:       <%= link_to 'Back', grids_path %>
    15:     </p>
  app/views/grids/show.html.erb:12:in `_app_views_grids_show_html_erb___540064121927337580_70257278224480'


  Rendered /Users/vera/.rvm/gems/ruby-2.2.1/gems/actionpack-4.2.1/lib/action_dispatch/middleware/templates/rescues/_source.erb (10.5ms)
  Rendered /Users/vera/.rvm/gems/ruby-2.2.1/gems/actionpack-4.2.1/lib/action_dispatch/middleware/templates/rescues/_trace.html.erb (4.7ms)
  Rendered /Users/vera/.rvm/gems/ruby-2.2.1/gems/actionpack-4.2.1/lib/action_dispatch/middleware/templates/rescues/_request_and_response.html.erb (1.5ms)
  Rendered /Users/vera/.rvm/gems/ruby-2.2.1/gems/actionpack-4.2.1/lib/action_dispatch/middleware/templates/rescues/template_error.html.erb within rescues/layout (88.7ms)
  Rendered /Users/vera/.rvm/gems/ruby-2.2.1/gems/web-console-2.1.2/lib/web_console/templates/_markup.html.erb (0.7ms)
  Rendered /Users/vera/.rvm/gems/ruby-2.2.1/gems/web-console-2.1.2/lib/web_console/templates/style.css.erb within layouts/inlined_string (0.6ms)
  Rendered /Users/vera/.rvm/gems/ruby-2.2.1/gems/web-console-2.1.2/lib/web_console/templates/_inner_console_markup.html.erb within layouts/inlined_string (0.5ms)
  Rendered /Users/vera/.rvm/gems/ruby-2.2.1/gems/web-console-2.1.2/lib/web_console/templates/_prompt_box_markup.html.erb within layouts/inlined_string (0.6ms)
  Rendered /Users/vera/.rvm/gems/ruby-2.2.1/gems/web-console-2.1.2/lib/web_console/templates/console.js.erb within layouts/javascript (67.9ms)
  Rendered /Users/vera/.rvm/gems/ruby-2.2.1/gems/web-console-2.1.2/lib/web_console/templates/main.js.erb within layouts/javascript (0.6ms)
  Rendered /Users/vera/.rvm/gems/ruby-2.2.1/gems/web-console-2.1.2/lib/web_console/templates/error_page.js.erb within layouts/javascript (0.6ms)
  Rendered /Users/vera/.rvm/gems/ruby-2.2.1/gems/web-console-2.1.2/lib/web_console/templates/index.html.erb (151.1ms)


Started GET "/grids/1" for ::1 at 2015-06-07 05:20:10 +0700
Processing by GridsController#show as HTML
  Parameters: {"id"=>"1"}
  [1m[35mGrid Load (0.2ms)[0m  SELECT  "grids".* FROM "grids" WHERE "grids"."id" = ? LIMIT 1  [["id", 1]]
  Rendered grids/show.html.erb within layouts/application (25.0ms)
Completed 500 Internal Server Error in 34ms (ActiveRecord: 0.2ms)

ActionView::Template::Error (undefined method `edit_idea_path' for #<#<Class:0x007fcc14b9a270>:0x007fcc1a8babf8>):
     9:     <p><b>Title: </b><%= @grid.title %></p>
    10:     <p><b>Description: </b><%= @grid.description %></p>
    11:     <p>
    12:       <%= link_to 'Edit', edit_idea_path(@grid) %> |
    13:       <%= link_to 'Destroy', @grid, data: { confirm: 'Are you sure?' }, method: :delete %> |
    14:       <%= link_to 'Back', grids_path %>
    15:     </p>
  app/views/grids/show.html.erb:12:in `_app_views_grids_show_html_erb___540064121927337580_70257302526140'


  Rendered /Users/vera/.rvm/gems/ruby-2.2.1/gems/actionpack-4.2.1/lib/action_dispatch/middleware/templates/rescues/_source.erb (11.7ms)
  Rendered /Users/vera/.rvm/gems/ruby-2.2.1/gems/actionpack-4.2.1/lib/action_dispatch/middleware/templates/rescues/_trace.html.erb (4.7ms)
  Rendered /Users/vera/.rvm/gems/ruby-2.2.1/gems/actionpack-4.2.1/lib/action_dispatch/middleware/templates/rescues/_request_and_response.html.erb (1.6ms)
  Rendered /Users/vera/.rvm/gems/ruby-2.2.1/gems/actionpack-4.2.1/lib/action_dispatch/middleware/templates/rescues/template_error.html.erb within rescues/layout (89.9ms)
  Rendered /Users/vera/.rvm/gems/ruby-2.2.1/gems/web-console-2.1.2/lib/web_console/templates/_markup.html.erb (0.8ms)
  Rendered /Users/vera/.rvm/gems/ruby-2.2.1/gems/web-console-2.1.2/lib/web_console/templates/style.css.erb within layouts/inlined_string (0.5ms)
  Rendered /Users/vera/.rvm/gems/ruby-2.2.1/gems/web-console-2.1.2/lib/web_console/templates/_inner_console_markup.html.erb within layouts/inlined_string (0.5ms)
  Rendered /Users/vera/.rvm/gems/ruby-2.2.1/gems/web-console-2.1.2/lib/web_console/templates/_prompt_box_markup.html.erb within layouts/inlined_string (0.5ms)
  Rendered /Users/vera/.rvm/gems/ruby-2.2.1/gems/web-console-2.1.2/lib/web_console/templates/console.js.erb within layouts/javascript (67.5ms)
  Rendered /Users/vera/.rvm/gems/ruby-2.2.1/gems/web-console-2.1.2/lib/web_console/templates/main.js.erb within layouts/javascript (0.5ms)
  Rendered /Users/vera/.rvm/gems/ruby-2.2.1/gems/web-console-2.1.2/lib/web_console/templates/error_page.js.erb within layouts/javascript (0.7ms)
  Rendered /Users/vera/.rvm/gems/ruby-2.2.1/gems/web-console-2.1.2/lib/web_console/templates/index.html.erb (153.6ms)


Started GET "/grids/1" for ::1 at 2015-06-07 05:20:41 +0700
Processing by GridsController#show as HTML
  Parameters: {"id"=>"1"}
  [1m[36mGrid Load (0.1ms)[0m  [1mSELECT  "grids".* FROM "grids" WHERE "grids"."id" = ? LIMIT 1[0m  [["id", 1]]
  Rendered grids/show.html.erb within layouts/application (2.2ms)
Completed 200 OK in 158ms (Views: 156.9ms | ActiveRecord: 0.1ms)


Started GET "/grids" for ::1 at 2015-06-07 05:20:48 +0700
Processing by GridsController#index as HTML
  [1m[35mGrid Load (0.2ms)[0m  SELECT "grids".* FROM "grids"
  Rendered grids/index.html.erb within layouts/application (3.0ms)
Completed 200 OK in 134ms (Views: 133.1ms | ActiveRecord: 0.2ms)
  [1m[36mActiveRecord::SchemaMigration Load (0.1ms)[0m  [1mSELECT "schema_migrations".* FROM "schema_migrations"[0m
Migrating to CreateComments (20150606222459)
  [1m[35m (0.1ms)[0m  begin transaction
  [1m[36m (0.5ms)[0m  [1mCREATE TABLE "comments" ("id" INTEGER PRIMARY KEY AUTOINCREMENT NOT NULL, "user_name" varchar, "body" text, "idea_id" integer, "created_at" datetime NOT NULL, "updated_at" datetime NOT NULL) [0m
  [1m[35mSQL (0.2ms)[0m  INSERT INTO "schema_migrations" ("version") VALUES (?)  [["version", "20150606222459"]]
  [1m[36m (1.8ms)[0m  [1mcommit transaction[0m
  [1m[35mActiveRecord::SchemaMigration Load (0.1ms)[0m  SELECT "schema_migrations".* FROM "schema_migrations"


Started GET "/grids" for ::1 at 2015-06-07 05:30:25 +0700
  [1m[36mActiveRecord::SchemaMigration Load (0.2ms)[0m  [1mSELECT "schema_migrations".* FROM "schema_migrations"[0m
Processing by GridsController#index as HTML
  [1m[35mGrid Load (0.2ms)[0m  SELECT "grids".* FROM "grids"
  Rendered grids/index.html.erb within layouts/application (7.7ms)
Completed 200 OK in 3531ms (Views: 3501.7ms | ActiveRecord: 0.5ms)


Started GET "/grids/1" for ::1 at 2015-06-07 05:30:33 +0700
Processing by GridsController#show as HTML
  Parameters: {"id"=>"1"}
  [1m[36mGrid Load (0.3ms)[0m  [1mSELECT  "grids".* FROM "grids" WHERE "grids"."id" = ? LIMIT 1[0m  [["id", 1]]
Completed 500 Internal Server Error in 78ms (ActiveRecord: 0.6ms)

ActiveRecord::UnknownAttributeError (unknown attribute 'grid_id' for Comment.):
  app/controllers/grids_controller.rb:69:in `set_grid'


  Rendered /Users/vera/.rvm/gems/ruby-2.2.1/gems/actionpack-4.2.1/lib/action_dispatch/middleware/templates/rescues/_source.erb (8.3ms)
  Rendered /Users/vera/.rvm/gems/ruby-2.2.1/gems/actionpack-4.2.1/lib/action_dispatch/middleware/templates/rescues/_trace.html.erb (5.3ms)
  Rendered /Users/vera/.rvm/gems/ruby-2.2.1/gems/actionpack-4.2.1/lib/action_dispatch/middleware/templates/rescues/_request_and_response.html.erb (1.4ms)
  Rendered /Users/vera/.rvm/gems/ruby-2.2.1/gems/actionpack-4.2.1/lib/action_dispatch/middleware/templates/rescues/diagnostics.html.erb within rescues/layout (97.2ms)
  Rendered /Users/vera/.rvm/gems/ruby-2.2.1/gems/web-console-2.1.2/lib/web_console/templates/_markup.html.erb (0.6ms)
  Rendered /Users/vera/.rvm/gems/ruby-2.2.1/gems/web-console-2.1.2/lib/web_console/templates/style.css.erb within layouts/inlined_string (0.5ms)
  Rendered /Users/vera/.rvm/gems/ruby-2.2.1/gems/web-console-2.1.2/lib/web_console/templates/_inner_console_markup.html.erb within layouts/inlined_string (0.4ms)
  Rendered /Users/vera/.rvm/gems/ruby-2.2.1/gems/web-console-2.1.2/lib/web_console/templates/_prompt_box_markup.html.erb within layouts/inlined_string (0.5ms)
  Rendered /Users/vera/.rvm/gems/ruby-2.2.1/gems/web-console-2.1.2/lib/web_console/templates/console.js.erb within layouts/javascript (74.2ms)
  Rendered /Users/vera/.rvm/gems/ruby-2.2.1/gems/web-console-2.1.2/lib/web_console/templates/main.js.erb within layouts/javascript (0.5ms)
  Rendered /Users/vera/.rvm/gems/ruby-2.2.1/gems/web-console-2.1.2/lib/web_console/templates/error_page.js.erb within layouts/javascript (0.6ms)
  Rendered /Users/vera/.rvm/gems/ruby-2.2.1/gems/web-console-2.1.2/lib/web_console/templates/index.html.erb (168.8ms)


Started GET "/grids/1" for ::1 at 2015-06-07 05:30:34 +0700
Processing by GridsController#show as HTML
  Parameters: {"id"=>"1"}
  [1m[35mGrid Load (0.1ms)[0m  SELECT  "grids".* FROM "grids" WHERE "grids"."id" = ? LIMIT 1  [["id", 1]]
Completed 500 Internal Server Error in 3ms (ActiveRecord: 0.1ms)

ActiveRecord::UnknownAttributeError (unknown attribute 'grid_id' for Comment.):
  app/controllers/grids_controller.rb:69:in `set_grid'


  Rendered /Users/vera/.rvm/gems/ruby-2.2.1/gems/actionpack-4.2.1/lib/action_dispatch/middleware/templates/rescues/_source.erb (9.0ms)
  Rendered /Users/vera/.rvm/gems/ruby-2.2.1/gems/actionpack-4.2.1/lib/action_dispatch/middleware/templates/rescues/_trace.html.erb (3.9ms)
  Rendered /Users/vera/.rvm/gems/ruby-2.2.1/gems/actionpack-4.2.1/lib/action_dispatch/middleware/templates/rescues/_request_and_response.html.erb (1.4ms)
  Rendered /Users/vera/.rvm/gems/ruby-2.2.1/gems/actionpack-4.2.1/lib/action_dispatch/middleware/templates/rescues/diagnostics.html.erb within rescues/layout (86.7ms)
  Rendered /Users/vera/.rvm/gems/ruby-2.2.1/gems/web-console-2.1.2/lib/web_console/templates/_markup.html.erb (0.5ms)
  Rendered /Users/vera/.rvm/gems/ruby-2.2.1/gems/web-console-2.1.2/lib/web_console/templates/style.css.erb within layouts/inlined_string (0.6ms)
  Rendered /Users/vera/.rvm/gems/ruby-2.2.1/gems/web-console-2.1.2/lib/web_console/templates/_inner_console_markup.html.erb within layouts/inlined_string (0.5ms)
  Rendered /Users/vera/.rvm/gems/ruby-2.2.1/gems/web-console-2.1.2/lib/web_console/templates/_prompt_box_markup.html.erb within layouts/inlined_string (0.4ms)
  Rendered /Users/vera/.rvm/gems/ruby-2.2.1/gems/web-console-2.1.2/lib/web_console/templates/console.js.erb within layouts/javascript (68.3ms)
  Rendered /Users/vera/.rvm/gems/ruby-2.2.1/gems/web-console-2.1.2/lib/web_console/templates/main.js.erb within layouts/javascript (0.4ms)
  Rendered /Users/vera/.rvm/gems/ruby-2.2.1/gems/web-console-2.1.2/lib/web_console/templates/error_page.js.erb within layouts/javascript (0.7ms)
  Rendered /Users/vera/.rvm/gems/ruby-2.2.1/gems/web-console-2.1.2/lib/web_console/templates/index.html.erb (151.5ms)


Started GET "/grids/1" for ::1 at 2015-06-07 05:31:57 +0700
Processing by GridsController#show as HTML
  Parameters: {"id"=>"1"}
  [1m[36mGrid Load (0.3ms)[0m  [1mSELECT  "grids".* FROM "grids" WHERE "grids"."id" = ? LIMIT 1[0m  [["id", 1]]
Completed 500 Internal Server Error in 31ms (ActiveRecord: 1.1ms)

ActiveRecord::UnknownAttributeError (unknown attribute 'grid_id' for Comment.):
  app/controllers/grids_controller.rb:14:in `show'


  Rendered /Users/vera/.rvm/gems/ruby-2.2.1/gems/actionpack-4.2.1/lib/action_dispatch/middleware/templates/rescues/_source.erb (8.5ms)
  Rendered /Users/vera/.rvm/gems/ruby-2.2.1/gems/actionpack-4.2.1/lib/action_dispatch/middleware/templates/rescues/_trace.html.erb (3.9ms)
  Rendered /Users/vera/.rvm/gems/ruby-2.2.1/gems/actionpack-4.2.1/lib/action_dispatch/middleware/templates/rescues/_request_and_response.html.erb (1.4ms)
  Rendered /Users/vera/.rvm/gems/ruby-2.2.1/gems/actionpack-4.2.1/lib/action_dispatch/middleware/templates/rescues/diagnostics.html.erb within rescues/layout (84.6ms)
  Rendered /Users/vera/.rvm/gems/ruby-2.2.1/gems/web-console-2.1.2/lib/web_console/templates/_markup.html.erb (0.5ms)
  Rendered /Users/vera/.rvm/gems/ruby-2.2.1/gems/web-console-2.1.2/lib/web_console/templates/style.css.erb within layouts/inlined_string (0.5ms)
  Rendered /Users/vera/.rvm/gems/ruby-2.2.1/gems/web-console-2.1.2/lib/web_console/templates/_inner_console_markup.html.erb within layouts/inlined_string (0.4ms)
  Rendered /Users/vera/.rvm/gems/ruby-2.2.1/gems/web-console-2.1.2/lib/web_console/templates/_prompt_box_markup.html.erb within layouts/inlined_string (0.5ms)
  Rendered /Users/vera/.rvm/gems/ruby-2.2.1/gems/web-console-2.1.2/lib/web_console/templates/console.js.erb within layouts/javascript (69.8ms)
  Rendered /Users/vera/.rvm/gems/ruby-2.2.1/gems/web-console-2.1.2/lib/web_console/templates/main.js.erb within layouts/javascript (0.5ms)
  Rendered /Users/vera/.rvm/gems/ruby-2.2.1/gems/web-console-2.1.2/lib/web_console/templates/error_page.js.erb within layouts/javascript (0.7ms)
  Rendered /Users/vera/.rvm/gems/ruby-2.2.1/gems/web-console-2.1.2/lib/web_console/templates/index.html.erb (156.6ms)


Started GET "/grids/1" for ::1 at 2015-06-07 05:33:15 +0700
  [1m[36mActiveRecord::SchemaMigration Load (0.2ms)[0m  [1mSELECT "schema_migrations".* FROM "schema_migrations"[0m
Processing by GridsController#show as HTML
  Parameters: {"id"=>"1"}
  [1m[35mGrid Load (0.3ms)[0m  SELECT  "grids".* FROM "grids" WHERE "grids"."id" = ? LIMIT 1  [["id", 1]]
Completed 500 Internal Server Error in 63ms (ActiveRecord: 0.9ms)

ActiveRecord::UnknownAttributeError (unknown attribute 'grid_id' for Comment.):
  app/controllers/grids_controller.rb:69:in `set_grid'


  Rendered /Users/vera/.rvm/gems/ruby-2.2.1/gems/actionpack-4.2.1/lib/action_dispatch/middleware/templates/rescues/_source.erb (8.6ms)
  Rendered /Users/vera/.rvm/gems/ruby-2.2.1/gems/actionpack-4.2.1/lib/action_dispatch/middleware/templates/rescues/_trace.html.erb (3.7ms)
  Rendered /Users/vera/.rvm/gems/ruby-2.2.1/gems/actionpack-4.2.1/lib/action_dispatch/middleware/templates/rescues/_request_and_response.html.erb (1.3ms)
  Rendered /Users/vera/.rvm/gems/ruby-2.2.1/gems/actionpack-4.2.1/lib/action_dispatch/middleware/templates/rescues/diagnostics.html.erb within rescues/layout (90.1ms)
  Rendered /Users/vera/.rvm/gems/ruby-2.2.1/gems/web-console-2.1.2/lib/web_console/templates/_markup.html.erb (0.6ms)
  Rendered /Users/vera/.rvm/gems/ruby-2.2.1/gems/web-console-2.1.2/lib/web_console/templates/style.css.erb within layouts/inlined_string (0.5ms)
  Rendered /Users/vera/.rvm/gems/ruby-2.2.1/gems/web-console-2.1.2/lib/web_console/templates/_inner_console_markup.html.erb within layouts/inlined_string (0.4ms)
  Rendered /Users/vera/.rvm/gems/ruby-2.2.1/gems/web-console-2.1.2/lib/web_console/templates/_prompt_box_markup.html.erb within layouts/inlined_string (0.5ms)
  Rendered /Users/vera/.rvm/gems/ruby-2.2.1/gems/web-console-2.1.2/lib/web_console/templates/console.js.erb within layouts/javascript (73.0ms)
  Rendered /Users/vera/.rvm/gems/ruby-2.2.1/gems/web-console-2.1.2/lib/web_console/templates/main.js.erb within layouts/javascript (0.5ms)
  Rendered /Users/vera/.rvm/gems/ruby-2.2.1/gems/web-console-2.1.2/lib/web_console/templates/error_page.js.erb within layouts/javascript (0.6ms)
  Rendered /Users/vera/.rvm/gems/ruby-2.2.1/gems/web-console-2.1.2/lib/web_console/templates/index.html.erb (165.9ms)
  [1m[36mActiveRecord::SchemaMigration Load (0.1ms)[0m  [1mSELECT "schema_migrations".* FROM "schema_migrations"[0m
  [1m[35mActiveRecord::SchemaMigration Load (0.1ms)[0m  SELECT "schema_migrations".* FROM "schema_migrations"


Started GET "/grids/1" for ::1 at 2015-06-07 05:34:36 +0700
Processing by GridsController#show as HTML
  Parameters: {"id"=>"1"}
  [1m[36mGrid Load (2.5ms)[0m  [1mSELECT  "grids".* FROM "grids" WHERE "grids"."id" = ? LIMIT 1[0m  [["id", 1]]
Completed 500 Internal Server Error in 38ms (ActiveRecord: 3.3ms)

ActiveRecord::UnknownAttributeError (unknown attribute 'grid_id' for Comment.):
  app/controllers/grids_controller.rb:69:in `set_grid'


  Rendered /Users/vera/.rvm/gems/ruby-2.2.1/gems/actionpack-4.2.1/lib/action_dispatch/middleware/templates/rescues/_source.erb (8.9ms)
  Rendered /Users/vera/.rvm/gems/ruby-2.2.1/gems/actionpack-4.2.1/lib/action_dispatch/middleware/templates/rescues/_trace.html.erb (3.9ms)
  Rendered /Users/vera/.rvm/gems/ruby-2.2.1/gems/actionpack-4.2.1/lib/action_dispatch/middleware/templates/rescues/_request_and_response.html.erb (1.6ms)
  Rendered /Users/vera/.rvm/gems/ruby-2.2.1/gems/actionpack-4.2.1/lib/action_dispatch/middleware/templates/rescues/diagnostics.html.erb within rescues/layout (90.4ms)
  Rendered /Users/vera/.rvm/gems/ruby-2.2.1/gems/web-console-2.1.2/lib/web_console/templates/_markup.html.erb (0.6ms)
  Rendered /Users/vera/.rvm/gems/ruby-2.2.1/gems/web-console-2.1.2/lib/web_console/templates/style.css.erb within layouts/inlined_string (0.5ms)
  Rendered /Users/vera/.rvm/gems/ruby-2.2.1/gems/web-console-2.1.2/lib/web_console/templates/_inner_console_markup.html.erb within layouts/inlined_string (0.5ms)
  Rendered /Users/vera/.rvm/gems/ruby-2.2.1/gems/web-console-2.1.2/lib/web_console/templates/_prompt_box_markup.html.erb within layouts/inlined_string (0.5ms)
  Rendered /Users/vera/.rvm/gems/ruby-2.2.1/gems/web-console-2.1.2/lib/web_console/templates/console.js.erb within layouts/javascript (76.4ms)
  Rendered /Users/vera/.rvm/gems/ruby-2.2.1/gems/web-console-2.1.2/lib/web_console/templates/main.js.erb within layouts/javascript (0.5ms)
  Rendered /Users/vera/.rvm/gems/ruby-2.2.1/gems/web-console-2.1.2/lib/web_console/templates/error_page.js.erb within layouts/javascript (0.7ms)
  Rendered /Users/vera/.rvm/gems/ruby-2.2.1/gems/web-console-2.1.2/lib/web_console/templates/index.html.erb (175.4ms)


Started GET "/grids/1" for ::1 at 2015-06-07 05:37:55 +0700
Processing by GridsController#show as HTML
  Parameters: {"id"=>"1"}
  [1m[35mGrid Load (0.1ms)[0m  SELECT  "grids".* FROM "grids" WHERE "grids"."id" = ? LIMIT 1  [["id", 1]]
Completed 500 Internal Server Error in 3ms (ActiveRecord: 0.1ms)

ActiveRecord::UnknownAttributeError (unknown attribute 'grid_id' for Comment.):
  app/controllers/grids_controller.rb:69:in `set_grid'


  Rendered /Users/vera/.rvm/gems/ruby-2.2.1/gems/actionpack-4.2.1/lib/action_dispatch/middleware/templates/rescues/_source.erb (8.7ms)
  Rendered /Users/vera/.rvm/gems/ruby-2.2.1/gems/actionpack-4.2.1/lib/action_dispatch/middleware/templates/rescues/_trace.html.erb (4.0ms)
  Rendered /Users/vera/.rvm/gems/ruby-2.2.1/gems/actionpack-4.2.1/lib/action_dispatch/middleware/templates/rescues/_request_and_response.html.erb (1.5ms)
  Rendered /Users/vera/.rvm/gems/ruby-2.2.1/gems/actionpack-4.2.1/lib/action_dispatch/middleware/templates/rescues/diagnostics.html.erb within rescues/layout (83.8ms)
  Rendered /Users/vera/.rvm/gems/ruby-2.2.1/gems/web-console-2.1.2/lib/web_console/templates/_markup.html.erb (0.7ms)
  Rendered /Users/vera/.rvm/gems/ruby-2.2.1/gems/web-console-2.1.2/lib/web_console/templates/style.css.erb within layouts/inlined_string (0.6ms)
  Rendered /Users/vera/.rvm/gems/ruby-2.2.1/gems/web-console-2.1.2/lib/web_console/templates/_inner_console_markup.html.erb within layouts/inlined_string (0.4ms)
  Rendered /Users/vera/.rvm/gems/ruby-2.2.1/gems/web-console-2.1.2/lib/web_console/templates/_prompt_box_markup.html.erb within layouts/inlined_string (0.6ms)
  Rendered /Users/vera/.rvm/gems/ruby-2.2.1/gems/web-console-2.1.2/lib/web_console/templates/console.js.erb within layouts/javascript (69.3ms)
  Rendered /Users/vera/.rvm/gems/ruby-2.2.1/gems/web-console-2.1.2/lib/web_console/templates/main.js.erb within layouts/javascript (0.5ms)
  Rendered /Users/vera/.rvm/gems/ruby-2.2.1/gems/web-console-2.1.2/lib/web_console/templates/error_page.js.erb within layouts/javascript (0.6ms)
  Rendered /Users/vera/.rvm/gems/ruby-2.2.1/gems/web-console-2.1.2/lib/web_console/templates/index.html.erb (156.5ms)


Started GET "/" for ::1 at 2015-06-07 05:38:03 +0700


Started GET "/grids" for ::1 at 2015-06-07 05:38:03 +0700
Processing by GridsController#index as HTML
  [1m[36mGrid Load (0.2ms)[0m  [1mSELECT "grids".* FROM "grids"[0m
  Rendered grids/index.html.erb within layouts/application (4.2ms)
Completed 200 OK in 564ms (Views: 563.2ms | ActiveRecord: 0.2ms)


Started GET "/grids/1" for ::1 at 2015-06-07 05:38:05 +0700
Processing by GridsController#show as HTML
  Parameters: {"id"=>"1"}
  [1m[35mGrid Load (0.2ms)[0m  SELECT  "grids".* FROM "grids" WHERE "grids"."id" = ? LIMIT 1  [["id", 1]]
Completed 500 Internal Server Error in 6ms (ActiveRecord: 0.2ms)

ActiveRecord::UnknownAttributeError (unknown attribute 'grid_id' for Comment.):
  app/controllers/grids_controller.rb:69:in `set_grid'


  Rendered /Users/vera/.rvm/gems/ruby-2.2.1/gems/actionpack-4.2.1/lib/action_dispatch/middleware/templates/rescues/_source.erb (8.3ms)
  Rendered /Users/vera/.rvm/gems/ruby-2.2.1/gems/actionpack-4.2.1/lib/action_dispatch/middleware/templates/rescues/_trace.html.erb (4.6ms)
  Rendered /Users/vera/.rvm/gems/ruby-2.2.1/gems/actionpack-4.2.1/lib/action_dispatch/middleware/templates/rescues/_request_and_response.html.erb (1.3ms)
  Rendered /Users/vera/.rvm/gems/ruby-2.2.1/gems/actionpack-4.2.1/lib/action_dispatch/middleware/templates/rescues/diagnostics.html.erb within rescues/layout (85.2ms)
  Rendered /Users/vera/.rvm/gems/ruby-2.2.1/gems/web-console-2.1.2/lib/web_console/templates/_markup.html.erb (0.4ms)
  Rendered /Users/vera/.rvm/gems/ruby-2.2.1/gems/web-console-2.1.2/lib/web_console/templates/style.css.erb within layouts/inlined_string (0.4ms)
  Rendered /Users/vera/.rvm/gems/ruby-2.2.1/gems/web-console-2.1.2/lib/web_console/templates/_inner_console_markup.html.erb within layouts/inlined_string (0.4ms)
  Rendered /Users/vera/.rvm/gems/ruby-2.2.1/gems/web-console-2.1.2/lib/web_console/templates/_prompt_box_markup.html.erb within layouts/inlined_string (0.4ms)
  Rendered /Users/vera/.rvm/gems/ruby-2.2.1/gems/web-console-2.1.2/lib/web_console/templates/console.js.erb within layouts/javascript (66.3ms)
  Rendered /Users/vera/.rvm/gems/ruby-2.2.1/gems/web-console-2.1.2/lib/web_console/templates/main.js.erb within layouts/javascript (0.4ms)
  Rendered /Users/vera/.rvm/gems/ruby-2.2.1/gems/web-console-2.1.2/lib/web_console/templates/error_page.js.erb within layouts/javascript (0.6ms)
  Rendered /Users/vera/.rvm/gems/ruby-2.2.1/gems/web-console-2.1.2/lib/web_console/templates/index.html.erb (147.2ms)


Started GET "/grids/1" for ::1 at 2015-06-07 05:38:06 +0700
Processing by GridsController#show as HTML
  Parameters: {"id"=>"1"}
  [1m[36mGrid Load (0.1ms)[0m  [1mSELECT  "grids".* FROM "grids" WHERE "grids"."id" = ? LIMIT 1[0m  [["id", 1]]
Completed 500 Internal Server Error in 5ms (ActiveRecord: 0.1ms)

ActiveRecord::UnknownAttributeError (unknown attribute 'grid_id' for Comment.):
  app/controllers/grids_controller.rb:69:in `set_grid'


  Rendered /Users/vera/.rvm/gems/ruby-2.2.1/gems/actionpack-4.2.1/lib/action_dispatch/middleware/templates/rescues/_source.erb (7.8ms)
  Rendered /Users/vera/.rvm/gems/ruby-2.2.1/gems/actionpack-4.2.1/lib/action_dispatch/middleware/templates/rescues/_trace.html.erb (3.9ms)
  Rendered /Users/vera/.rvm/gems/ruby-2.2.1/gems/actionpack-4.2.1/lib/action_dispatch/middleware/templates/rescues/_request_and_response.html.erb (1.3ms)
  Rendered /Users/vera/.rvm/gems/ruby-2.2.1/gems/actionpack-4.2.1/lib/action_dispatch/middleware/templates/rescues/diagnostics.html.erb within rescues/layout (83.5ms)
  Rendered /Users/vera/.rvm/gems/ruby-2.2.1/gems/web-console-2.1.2/lib/web_console/templates/_markup.html.erb (0.6ms)
  Rendered /Users/vera/.rvm/gems/ruby-2.2.1/gems/web-console-2.1.2/lib/web_console/templates/style.css.erb within layouts/inlined_string (0.5ms)
  Rendered /Users/vera/.rvm/gems/ruby-2.2.1/gems/web-console-2.1.2/lib/web_console/templates/_inner_console_markup.html.erb within layouts/inlined_string (0.5ms)
  Rendered /Users/vera/.rvm/gems/ruby-2.2.1/gems/web-console-2.1.2/lib/web_console/templates/_prompt_box_markup.html.erb within layouts/inlined_string (0.5ms)
  Rendered /Users/vera/.rvm/gems/ruby-2.2.1/gems/web-console-2.1.2/lib/web_console/templates/console.js.erb within layouts/javascript (68.2ms)
  Rendered /Users/vera/.rvm/gems/ruby-2.2.1/gems/web-console-2.1.2/lib/web_console/templates/main.js.erb within layouts/javascript (0.5ms)
  Rendered /Users/vera/.rvm/gems/ruby-2.2.1/gems/web-console-2.1.2/lib/web_console/templates/error_page.js.erb within layouts/javascript (0.6ms)
  Rendered /Users/vera/.rvm/gems/ruby-2.2.1/gems/web-console-2.1.2/lib/web_console/templates/index.html.erb (152.9ms)


Started GET "/grids/1" for ::1 at 2015-06-07 05:45:32 +0700
Processing by GridsController#show as HTML
  Parameters: {"id"=>"1"}
  [1m[35mGrid Load (0.3ms)[0m  SELECT  "grids".* FROM "grids" WHERE "grids"."id" = ? LIMIT 1  [["id", 1]]
Completed 500 Internal Server Error in 28ms (ActiveRecord: 1.2ms)

ActiveRecord::UnknownAttributeError (unknown attribute 'grid_id' for Comment.):
  app/controllers/grids_controller.rb:69:in `set_grid'


  Rendered /Users/vera/.rvm/gems/ruby-2.2.1/gems/actionpack-4.2.1/lib/action_dispatch/middleware/templates/rescues/_source.erb (8.7ms)
  Rendered /Users/vera/.rvm/gems/ruby-2.2.1/gems/actionpack-4.2.1/lib/action_dispatch/middleware/templates/rescues/_trace.html.erb (3.9ms)
  Rendered /Users/vera/.rvm/gems/ruby-2.2.1/gems/actionpack-4.2.1/lib/action_dispatch/middleware/templates/rescues/_request_and_response.html.erb (1.6ms)
  Rendered /Users/vera/.rvm/gems/ruby-2.2.1/gems/actionpack-4.2.1/lib/action_dispatch/middleware/templates/rescues/diagnostics.html.erb within rescues/layout (88.0ms)
  Rendered /Users/vera/.rvm/gems/ruby-2.2.1/gems/web-console-2.1.2/lib/web_console/templates/_markup.html.erb (0.6ms)
  Rendered /Users/vera/.rvm/gems/ruby-2.2.1/gems/web-console-2.1.2/lib/web_console/templates/style.css.erb within layouts/inlined_string (0.5ms)
  Rendered /Users/vera/.rvm/gems/ruby-2.2.1/gems/web-console-2.1.2/lib/web_console/templates/_inner_console_markup.html.erb within layouts/inlined_string (0.5ms)
  Rendered /Users/vera/.rvm/gems/ruby-2.2.1/gems/web-console-2.1.2/lib/web_console/templates/_prompt_box_markup.html.erb within layouts/inlined_string (0.5ms)
  Rendered /Users/vera/.rvm/gems/ruby-2.2.1/gems/web-console-2.1.2/lib/web_console/templates/console.js.erb within layouts/javascript (66.9ms)
  Rendered /Users/vera/.rvm/gems/ruby-2.2.1/gems/web-console-2.1.2/lib/web_console/templates/main.js.erb within layouts/javascript (0.5ms)
  Rendered /Users/vera/.rvm/gems/ruby-2.2.1/gems/web-console-2.1.2/lib/web_console/templates/error_page.js.erb within layouts/javascript (0.6ms)
  Rendered /Users/vera/.rvm/gems/ruby-2.2.1/gems/web-console-2.1.2/lib/web_console/templates/index.html.erb (152.7ms)
  [1m[36mActiveRecord::SchemaMigration Load (0.1ms)[0m  [1mSELECT "schema_migrations".* FROM "schema_migrations"[0m
  [1m[35mActiveRecord::SchemaMigration Load (0.1ms)[0m  SELECT "schema_migrations".* FROM "schema_migrations"


Started GET "/grids/1" for ::1 at 2015-06-07 05:46:02 +0700
Processing by GridsController#show as HTML
  Parameters: {"id"=>"1"}
  [1m[36mGrid Load (0.2ms)[0m  [1mSELECT  "grids".* FROM "grids" WHERE "grids"."id" = ? LIMIT 1[0m  [["id", 1]]
Completed 500 Internal Server Error in 27ms (ActiveRecord: 1.1ms)

ActiveRecord::UnknownAttributeError (unknown attribute 'grid_id' for Comment.):
  app/controllers/grids_controller.rb:69:in `set_grid'


  Rendered /Users/vera/.rvm/gems/ruby-2.2.1/gems/actionpack-4.2.1/lib/action_dispatch/middleware/templates/rescues/_source.erb (7.5ms)
  Rendered /Users/vera/.rvm/gems/ruby-2.2.1/gems/actionpack-4.2.1/lib/action_dispatch/middleware/templates/rescues/_trace.html.erb (3.4ms)
  Rendered /Users/vera/.rvm/gems/ruby-2.2.1/gems/actionpack-4.2.1/lib/action_dispatch/middleware/templates/rescues/_request_and_response.html.erb (1.2ms)
  Rendered /Users/vera/.rvm/gems/ruby-2.2.1/gems/actionpack-4.2.1/lib/action_dispatch/middleware/templates/rescues/diagnostics.html.erb within rescues/layout (86.4ms)
  Rendered /Users/vera/.rvm/gems/ruby-2.2.1/gems/web-console-2.1.2/lib/web_console/templates/_markup.html.erb (0.5ms)
  Rendered /Users/vera/.rvm/gems/ruby-2.2.1/gems/web-console-2.1.2/lib/web_console/templates/style.css.erb within layouts/inlined_string (0.4ms)
  Rendered /Users/vera/.rvm/gems/ruby-2.2.1/gems/web-console-2.1.2/lib/web_console/templates/_inner_console_markup.html.erb within layouts/inlined_string (0.5ms)
  Rendered /Users/vera/.rvm/gems/ruby-2.2.1/gems/web-console-2.1.2/lib/web_console/templates/_prompt_box_markup.html.erb within layouts/inlined_string (0.4ms)
  Rendered /Users/vera/.rvm/gems/ruby-2.2.1/gems/web-console-2.1.2/lib/web_console/templates/console.js.erb within layouts/javascript (87.4ms)
  Rendered /Users/vera/.rvm/gems/ruby-2.2.1/gems/web-console-2.1.2/lib/web_console/templates/main.js.erb within layouts/javascript (0.5ms)
  Rendered /Users/vera/.rvm/gems/ruby-2.2.1/gems/web-console-2.1.2/lib/web_console/templates/error_page.js.erb within layouts/javascript (0.6ms)
  Rendered /Users/vera/.rvm/gems/ruby-2.2.1/gems/web-console-2.1.2/lib/web_console/templates/index.html.erb (175.7ms)


Started GET "/grids/1" for ::1 at 2015-06-07 05:49:09 +0700
  [1m[36mActiveRecord::SchemaMigration Load (0.2ms)[0m  [1mSELECT "schema_migrations".* FROM "schema_migrations"[0m
Processing by GridsController#show as HTML
  Parameters: {"id"=>"1"}
  [1m[35mGrid Load (0.3ms)[0m  SELECT  "grids".* FROM "grids" WHERE "grids"."id" = ? LIMIT 1  [["id", 1]]
Completed 500 Internal Server Error in 62ms (ActiveRecord: 0.9ms)

ActiveRecord::UnknownAttributeError (unknown attribute 'grid_id' for Comment.):
  app/controllers/grids_controller.rb:69:in `set_grid'


  Rendered /Users/vera/.rvm/gems/ruby-2.2.1/gems/actionpack-4.2.1/lib/action_dispatch/middleware/templates/rescues/_source.erb (8.5ms)
  Rendered /Users/vera/.rvm/gems/ruby-2.2.1/gems/actionpack-4.2.1/lib/action_dispatch/middleware/templates/rescues/_trace.html.erb (3.6ms)
  Rendered /Users/vera/.rvm/gems/ruby-2.2.1/gems/actionpack-4.2.1/lib/action_dispatch/middleware/templates/rescues/_request_and_response.html.erb (1.3ms)
  Rendered /Users/vera/.rvm/gems/ruby-2.2.1/gems/actionpack-4.2.1/lib/action_dispatch/middleware/templates/rescues/diagnostics.html.erb within rescues/layout (93.7ms)
  Rendered /Users/vera/.rvm/gems/ruby-2.2.1/gems/web-console-2.1.2/lib/web_console/templates/_markup.html.erb (0.6ms)
  Rendered /Users/vera/.rvm/gems/ruby-2.2.1/gems/web-console-2.1.2/lib/web_console/templates/style.css.erb within layouts/inlined_string (0.5ms)
  Rendered /Users/vera/.rvm/gems/ruby-2.2.1/gems/web-console-2.1.2/lib/web_console/templates/_inner_console_markup.html.erb within layouts/inlined_string (0.4ms)
  Rendered /Users/vera/.rvm/gems/ruby-2.2.1/gems/web-console-2.1.2/lib/web_console/templates/_prompt_box_markup.html.erb within layouts/inlined_string (0.5ms)
  Rendered /Users/vera/.rvm/gems/ruby-2.2.1/gems/web-console-2.1.2/lib/web_console/templates/console.js.erb within layouts/javascript (72.8ms)
  Rendered /Users/vera/.rvm/gems/ruby-2.2.1/gems/web-console-2.1.2/lib/web_console/templates/main.js.erb within layouts/javascript (0.5ms)
  Rendered /Users/vera/.rvm/gems/ruby-2.2.1/gems/web-console-2.1.2/lib/web_console/templates/error_page.js.erb within layouts/javascript (0.6ms)
  Rendered /Users/vera/.rvm/gems/ruby-2.2.1/gems/web-console-2.1.2/lib/web_console/templates/index.html.erb (171.6ms)


Started GET "/grids/1" for ::1 at 2015-06-07 05:49:14 +0700
Processing by GridsController#show as HTML
  Parameters: {"id"=>"1"}
  [1m[36mGrid Load (0.2ms)[0m  [1mSELECT  "grids".* FROM "grids" WHERE "grids"."id" = ? LIMIT 1[0m  [["id", 1]]
Completed 500 Internal Server Error in 4ms (ActiveRecord: 0.2ms)

ActiveRecord::UnknownAttributeError (unknown attribute 'grid_id' for Comment.):
  app/controllers/grids_controller.rb:69:in `set_grid'


  Rendered /Users/vera/.rvm/gems/ruby-2.2.1/gems/actionpack-4.2.1/lib/action_dispatch/middleware/templates/rescues/_source.erb (8.0ms)
  Rendered /Users/vera/.rvm/gems/ruby-2.2.1/gems/actionpack-4.2.1/lib/action_dispatch/middleware/templates/rescues/_trace.html.erb (4.1ms)
  Rendered /Users/vera/.rvm/gems/ruby-2.2.1/gems/actionpack-4.2.1/lib/action_dispatch/middleware/templates/rescues/_request_and_response.html.erb (1.6ms)
  Rendered /Users/vera/.rvm/gems/ruby-2.2.1/gems/actionpack-4.2.1/lib/action_dispatch/middleware/templates/rescues/diagnostics.html.erb within rescues/layout (86.9ms)
  Rendered /Users/vera/.rvm/gems/ruby-2.2.1/gems/web-console-2.1.2/lib/web_console/templates/_markup.html.erb (0.6ms)
  Rendered /Users/vera/.rvm/gems/ruby-2.2.1/gems/web-console-2.1.2/lib/web_console/templates/style.css.erb within layouts/inlined_string (0.5ms)
  Rendered /Users/vera/.rvm/gems/ruby-2.2.1/gems/web-console-2.1.2/lib/web_console/templates/_inner_console_markup.html.erb within layouts/inlined_string (0.5ms)
  Rendered /Users/vera/.rvm/gems/ruby-2.2.1/gems/web-console-2.1.2/lib/web_console/templates/_prompt_box_markup.html.erb within layouts/inlined_string (0.5ms)
  Rendered /Users/vera/.rvm/gems/ruby-2.2.1/gems/web-console-2.1.2/lib/web_console/templates/console.js.erb within layouts/javascript (68.4ms)
  Rendered /Users/vera/.rvm/gems/ruby-2.2.1/gems/web-console-2.1.2/lib/web_console/templates/main.js.erb within layouts/javascript (0.5ms)
  Rendered /Users/vera/.rvm/gems/ruby-2.2.1/gems/web-console-2.1.2/lib/web_console/templates/error_page.js.erb within layouts/javascript (0.6ms)
  Rendered /Users/vera/.rvm/gems/ruby-2.2.1/gems/web-console-2.1.2/lib/web_console/templates/index.html.erb (154.1ms)


Started GET "/grids/" for ::1 at 2015-06-07 05:49:18 +0700
Processing by GridsController#index as HTML
  [1m[35mGrid Load (0.3ms)[0m  SELECT "grids".* FROM "grids"
  Rendered grids/index.html.erb within layouts/application (4.0ms)
Completed 200 OK in 587ms (Views: 586.3ms | ActiveRecord: 0.3ms)


Started GET "/grids/new" for ::1 at 2015-06-07 05:49:24 +0700
Processing by GridsController#new as HTML
  Rendered grids/_form.html.erb (36.5ms)
  Rendered grids/new.html.erb within layouts/application (40.3ms)
Completed 200 OK in 200ms (Views: 199.3ms | ActiveRecord: 0.0ms)


Started GET "/grids" for ::1 at 2015-06-07 05:49:25 +0700
Processing by GridsController#index as HTML
  [1m[36mGrid Load (0.2ms)[0m  [1mSELECT "grids".* FROM "grids"[0m
  Rendered grids/index.html.erb within layouts/application (2.6ms)
Completed 200 OK in 146ms (Views: 144.6ms | ActiveRecord: 0.2ms)


Started GET "/grids/1" for ::1 at 2015-06-07 05:49:28 +0700
Processing by GridsController#show as HTML
  Parameters: {"id"=>"1"}
  [1m[35mGrid Load (0.2ms)[0m  SELECT  "grids".* FROM "grids" WHERE "grids"."id" = ? LIMIT 1  [["id", 1]]
Completed 500 Internal Server Error in 4ms (ActiveRecord: 0.2ms)

ActiveRecord::UnknownAttributeError (unknown attribute 'grid_id' for Comment.):
  app/controllers/grids_controller.rb:69:in `set_grid'


  Rendered /Users/vera/.rvm/gems/ruby-2.2.1/gems/actionpack-4.2.1/lib/action_dispatch/middleware/templates/rescues/_source.erb (8.6ms)
  Rendered /Users/vera/.rvm/gems/ruby-2.2.1/gems/actionpack-4.2.1/lib/action_dispatch/middleware/templates/rescues/_trace.html.erb (3.8ms)
  Rendered /Users/vera/.rvm/gems/ruby-2.2.1/gems/actionpack-4.2.1/lib/action_dispatch/middleware/templates/rescues/_request_and_response.html.erb (1.3ms)
  Rendered /Users/vera/.rvm/gems/ruby-2.2.1/gems/actionpack-4.2.1/lib/action_dispatch/middleware/templates/rescues/diagnostics.html.erb within rescues/layout (82.5ms)
  Rendered /Users/vera/.rvm/gems/ruby-2.2.1/gems/web-console-2.1.2/lib/web_console/templates/_markup.html.erb (0.5ms)
  Rendered /Users/vera/.rvm/gems/ruby-2.2.1/gems/web-console-2.1.2/lib/web_console/templates/style.css.erb within layouts/inlined_string (0.5ms)
  Rendered /Users/vera/.rvm/gems/ruby-2.2.1/gems/web-console-2.1.2/lib/web_console/templates/_inner_console_markup.html.erb within layouts/inlined_string (0.4ms)
  Rendered /Users/vera/.rvm/gems/ruby-2.2.1/gems/web-console-2.1.2/lib/web_console/templates/_prompt_box_markup.html.erb within layouts/inlined_string (0.4ms)
  Rendered /Users/vera/.rvm/gems/ruby-2.2.1/gems/web-console-2.1.2/lib/web_console/templates/console.js.erb within layouts/javascript (66.3ms)
  Rendered /Users/vera/.rvm/gems/ruby-2.2.1/gems/web-console-2.1.2/lib/web_console/templates/main.js.erb within layouts/javascript (0.4ms)
  Rendered /Users/vera/.rvm/gems/ruby-2.2.1/gems/web-console-2.1.2/lib/web_console/templates/error_page.js.erb within layouts/javascript (0.8ms)
  Rendered /Users/vera/.rvm/gems/ruby-2.2.1/gems/web-console-2.1.2/lib/web_console/templates/index.html.erb (150.9ms)


Started GET "/grids/1" for ::1 at 2015-06-07 05:49:28 +0700
Processing by GridsController#show as HTML
  Parameters: {"id"=>"1"}
  [1m[36mGrid Load (0.2ms)[0m  [1mSELECT  "grids".* FROM "grids" WHERE "grids"."id" = ? LIMIT 1[0m  [["id", 1]]
Completed 500 Internal Server Error in 4ms (ActiveRecord: 0.2ms)

ActiveRecord::UnknownAttributeError (unknown attribute 'grid_id' for Comment.):
  app/controllers/grids_controller.rb:69:in `set_grid'


  Rendered /Users/vera/.rvm/gems/ruby-2.2.1/gems/actionpack-4.2.1/lib/action_dispatch/middleware/templates/rescues/_source.erb (7.4ms)
  Rendered /Users/vera/.rvm/gems/ruby-2.2.1/gems/actionpack-4.2.1/lib/action_dispatch/middleware/templates/rescues/_trace.html.erb (3.3ms)
  Rendered /Users/vera/.rvm/gems/ruby-2.2.1/gems/actionpack-4.2.1/lib/action_dispatch/middleware/templates/rescues/_request_and_response.html.erb (1.3ms)
  Rendered /Users/vera/.rvm/gems/ruby-2.2.1/gems/actionpack-4.2.1/lib/action_dispatch/middleware/templates/rescues/diagnostics.html.erb within rescues/layout (80.6ms)
  Rendered /Users/vera/.rvm/gems/ruby-2.2.1/gems/web-console-2.1.2/lib/web_console/templates/_markup.html.erb (0.5ms)
  Rendered /Users/vera/.rvm/gems/ruby-2.2.1/gems/web-console-2.1.2/lib/web_console/templates/style.css.erb within layouts/inlined_string (0.4ms)
  Rendered /Users/vera/.rvm/gems/ruby-2.2.1/gems/web-console-2.1.2/lib/web_console/templates/_inner_console_markup.html.erb within layouts/inlined_string (0.3ms)
  Rendered /Users/vera/.rvm/gems/ruby-2.2.1/gems/web-console-2.1.2/lib/web_console/templates/_prompt_box_markup.html.erb within layouts/inlined_string (0.4ms)
  Rendered /Users/vera/.rvm/gems/ruby-2.2.1/gems/web-console-2.1.2/lib/web_console/templates/console.js.erb within layouts/javascript (68.2ms)
  Rendered /Users/vera/.rvm/gems/ruby-2.2.1/gems/web-console-2.1.2/lib/web_console/templates/main.js.erb within layouts/javascript (0.4ms)
  Rendered /Users/vera/.rvm/gems/ruby-2.2.1/gems/web-console-2.1.2/lib/web_console/templates/error_page.js.erb within layouts/javascript (0.6ms)
  Rendered /Users/vera/.rvm/gems/ruby-2.2.1/gems/web-console-2.1.2/lib/web_console/templates/index.html.erb (149.5ms)


Started GET "/grids/1" for ::1 at 2015-06-07 05:50:00 +0700
Processing by GridsController#show as HTML
  Parameters: {"id"=>"1"}
  [1m[35mGrid Load (0.2ms)[0m  SELECT  "grids".* FROM "grids" WHERE "grids"."id" = ? LIMIT 1  [["id", 1]]
Completed 500 Internal Server Error in 4ms (ActiveRecord: 0.2ms)

ActiveRecord::UnknownAttributeError (unknown attribute 'grid_id' for Comment.):
  app/controllers/grids_controller.rb:69:in `set_grid'


  Rendered /Users/vera/.rvm/gems/ruby-2.2.1/gems/actionpack-4.2.1/lib/action_dispatch/middleware/templates/rescues/_source.erb (9.7ms)
  Rendered /Users/vera/.rvm/gems/ruby-2.2.1/gems/actionpack-4.2.1/lib/action_dispatch/middleware/templates/rescues/_trace.html.erb (4.2ms)
  Rendered /Users/vera/.rvm/gems/ruby-2.2.1/gems/actionpack-4.2.1/lib/action_dispatch/middleware/templates/rescues/_request_and_response.html.erb (2.1ms)
  Rendered /Users/vera/.rvm/gems/ruby-2.2.1/gems/actionpack-4.2.1/lib/action_dispatch/middleware/templates/rescues/diagnostics.html.erb within rescues/layout (90.0ms)
  Rendered /Users/vera/.rvm/gems/ruby-2.2.1/gems/web-console-2.1.2/lib/web_console/templates/_markup.html.erb (0.8ms)
  Rendered /Users/vera/.rvm/gems/ruby-2.2.1/gems/web-console-2.1.2/lib/web_console/templates/style.css.erb within layouts/inlined_string (0.8ms)
  Rendered /Users/vera/.rvm/gems/ruby-2.2.1/gems/web-console-2.1.2/lib/web_console/templates/_inner_console_markup.html.erb within layouts/inlined_string (0.8ms)
  Rendered /Users/vera/.rvm/gems/ruby-2.2.1/gems/web-console-2.1.2/lib/web_console/templates/_prompt_box_markup.html.erb within layouts/inlined_string (0.5ms)
  Rendered /Users/vera/.rvm/gems/ruby-2.2.1/gems/web-console-2.1.2/lib/web_console/templates/console.js.erb within layouts/javascript (73.7ms)
  Rendered /Users/vera/.rvm/gems/ruby-2.2.1/gems/web-console-2.1.2/lib/web_console/templates/main.js.erb within layouts/javascript (0.5ms)
  Rendered /Users/vera/.rvm/gems/ruby-2.2.1/gems/web-console-2.1.2/lib/web_console/templates/error_page.js.erb within layouts/javascript (0.6ms)
  Rendered /Users/vera/.rvm/gems/ruby-2.2.1/gems/web-console-2.1.2/lib/web_console/templates/index.html.erb (164.1ms)
  [1m[36mActiveRecord::SchemaMigration Load (0.1ms)[0m  [1mSELECT "schema_migrations".* FROM "schema_migrations"[0m
Migrating to FixColumnName (20150606225542)
  [1m[35m (0.1ms)[0m  begin transaction
  [1m[36m (0.1ms)[0m  [1mrollback transaction[0m
  [1m[36mActiveRecord::SchemaMigration Load (0.1ms)[0m  [1mSELECT "schema_migrations".* FROM "schema_migrations"[0m
Migrating to FixColumnName (20150606225542)
  [1m[35m (0.1ms)[0m  begin transaction
  [1m[36m (0.0ms)[0m  [1mrollback transaction[0m
  [1m[36mActiveRecord::SchemaMigration Load (0.1ms)[0m  [1mSELECT "schema_migrations".* FROM "schema_migrations"[0m
Migrating to FixColumnName (20150606225542)
  [1m[35m (0.1ms)[0m  begin transaction
  [1m[36m (0.6ms)[0m  [1mCREATE TEMPORARY TABLE "acomments" ("id" INTEGER PRIMARY KEY AUTOINCREMENT NOT NULL, "user_name" varchar, "body" text, "grid_id" integer, "created_at" datetime NOT NULL, "updated_at" datetime NOT NULL) [0m
  [1m[35m (0.3ms)[0m  SELECT * FROM "comments"
  [1m[36m (21.0ms)[0m  [1mDROP TABLE "comments"[0m
  [1m[35m (0.2ms)[0m  CREATE TABLE "comments" ("id" INTEGER PRIMARY KEY AUTOINCREMENT NOT NULL, "user_name" varchar, "body" text, "grid_id" integer, "created_at" datetime NOT NULL, "updated_at" datetime NOT NULL) 
  [1m[36m (0.1ms)[0m  [1mSELECT * FROM "acomments"[0m
  [1m[35m (25.7ms)[0m  DROP TABLE "acomments"
  [1m[36mSQL (0.4ms)[0m  [1mINSERT INTO "schema_migrations" ("version") VALUES (?)[0m  [["version", "20150606225542"]]
  [1m[35m (3.4ms)[0m  commit transaction
  [1m[36mActiveRecord::SchemaMigration Load (0.2ms)[0m  [1mSELECT "schema_migrations".* FROM "schema_migrations"[0m


Started GET "/grids/1" for ::1 at 2015-06-07 06:00:39 +0700
  [1m[36mActiveRecord::SchemaMigration Load (0.2ms)[0m  [1mSELECT "schema_migrations".* FROM "schema_migrations"[0m
Processing by GridsController#show as HTML
  Parameters: {"id"=>"1"}
  [1m[35mGrid Load (0.4ms)[0m  SELECT  "grids".* FROM "grids" WHERE "grids"."id" = ? LIMIT 1  [["id", 1]]
  [1m[36mComment Load (0.2ms)[0m  [1mSELECT "comments".* FROM "comments" WHERE "comments"."grid_id" = ?[0m  [["grid_id", 1]]
  Rendered comments/_form.html.erb (46.0ms)
  Rendered grids/show.html.erb within layouts/application (52.3ms)
Completed 200 OK in 307ms (Views: 248.0ms | ActiveRecord: 1.2ms)


Started GET "/" for ::1 at 2015-06-07 06:17:23 +0700


Started GET "/grids" for ::1 at 2015-06-07 06:17:23 +0700
Processing by GridsController#index as HTML
  [1m[35mGrid Load (0.3ms)[0m  SELECT "grids".* FROM "grids"
  Rendered grids/index.html.erb within layouts/application (2.5ms)
Completed 200 OK in 231ms (Views: 229.9ms | ActiveRecord: 0.2ms)
  [1m[36mActiveRecord::SchemaMigration Load (19.9ms)[0m  [1mSELECT "schema_migrations".* FROM "schema_migrations"[0m
  [1m[35mActiveRecord::SchemaMigration Load (0.1ms)[0m  SELECT "schema_migrations".* FROM "schema_migrations"
